\BOOKMARK [0][-]{chapter.1}{\376\377\000C\000a\000p\000a\000b\000i\000l\000i\000t\000i\000e\000s}{}% 1
\BOOKMARK [1][-]{section.1.1}{\376\377\000D\000y\000n\000a\000m\000i\000c\000s\000\040\000A\000l\000g\000o\000r\000i\000t\000h\000m\000s}{chapter.1}% 2
\BOOKMARK [1][-]{section.1.2}{\376\377\000M\000o\000d\000e\000l\000\040\000S\000y\000s\000t\000e\000m\000s}{chapter.1}% 3
\BOOKMARK [0][-]{chapter.2}{\376\377\000I\000n\000s\000t\000a\000l\000l\000i\000n\000g\000\040\000q\000c\000\137\000l\000a\000b}{}% 4
\BOOKMARK [0][-]{chapter.3}{\376\377\000U\000s\000e\000r\000\040\000G\000u\000i\000d\000e}{}% 5
\BOOKMARK [1][-]{section.3.1}{\376\377\000U\000s\000e\000r\000\040\000G\000u\000i\000d\000e}{chapter.3}% 6
\BOOKMARK [2][-]{subsection.3.1.1}{\376\377\000Q\000u\000i\000c\000k\000\040\000S\000t\000a\000r\000t\000\040\000G\000u\000i\000d\000e}{section.3.1}% 7
\BOOKMARK [3][-]{subsubsection*.3}{\376\377\000I\000m\000p\000o\000r\000t\000i\000n\000g\000\040\000M\000o\000d\000u\000l\000e\000s}{subsection.3.1.1}% 8
\BOOKMARK [3][-]{subsubsection*.4}{\376\377\000I\000n\000s\000t\000a\000n\000t\000i\000a\000t\000i\000n\000g\000\040\000S\000i\000m\000u\000l\000a\000t\000i\000o\000n\000\040\000O\000b\000j\000e\000c\000t}{subsection.3.1.1}% 9
\BOOKMARK [3][-]{subsubsection*.5}{\376\377\000I\000n\000s\000t\000a\000n\000t\000i\000a\000t\000i\000n\000g\000\040\000M\000o\000d\000e\000l\000\040\000O\000b\000j\000e\000c\000t}{subsection.3.1.1}% 10
\BOOKMARK [3][-]{subsubsection*.6}{\376\377\000I\000n\000s\000t\000a\000n\000t\000i\000a\000t\000i\000n\000g\000\040\000A\000l\000g\000o\000r\000i\000t\000h\000m\000\040\000O\000b\000j\000e\000c\000t}{subsection.3.1.1}% 11
\BOOKMARK [3][-]{subsubsection*.7}{\376\377\000S\000e\000t\000t\000i\000n\000g\000\040\000I\000n\000i\000t\000i\000a\000l\000\040\000S\000t\000a\000t\000e}{subsection.3.1.1}% 12
\BOOKMARK [3][-]{subsubsection*.8}{\376\377\000R\000u\000n\000n\000i\000n\000g\000\040\000t\000h\000e\000\040\000S\000i\000m\000u\000l\000a\000t\000i\000o\000n}{subsection.3.1.1}% 13
\BOOKMARK [3][-]{subsubsection*.9}{\376\377\000A\000n\000a\000l\000y\000z\000i\000n\000g\000\040\000R\000e\000s\000u\000l\000t\000s}{subsection.3.1.1}% 14
\BOOKMARK [3][-]{subsubsection*.10}{\376\377\000P\000l\000o\000t\000t\000i\000n\000g\000\040\000R\000e\000s\000u\000l\000t\000s}{subsection.3.1.1}% 15
\BOOKMARK [3][-]{subsubsection*.11}{\376\377\000C\000h\000a\000n\000g\000i\000n\000g\000\040\000t\000h\000e\000\040\000A\000l\000g\000o\000r\000i\000t\000h\000m}{subsection.3.1.1}% 16
\BOOKMARK [3][-]{subsubsection*.12}{\376\377\000C\000h\000a\000n\000g\000i\000n\000g\000\040\000t\000h\000e\000\040\000D\000r\000i\000v\000e\000r}{subsection.3.1.1}% 17
\BOOKMARK [3][-]{subsubsection*.13}{\376\377\000U\000n\000i\000t\000s\000\040\000i\000n\000\040\000Q\000C\000\040\000L\000a\000b}{subsection.3.1.1}% 18
\BOOKMARK [2][-]{subsection.3.1.2}{\376\377\000D\000y\000n\000a\000m\000i\000c\000s\000\040\000D\000r\000i\000v\000e\000r\000s}{section.3.1}% 19
\BOOKMARK [3][-]{subsubsection*.14}{\376\377\000S\000e\000r\000i\000a\000l\000\040\000D\000r\000i\000v\000e\000r}{subsection.3.1.2}% 20
\BOOKMARK [4][-]{paragraph*.15}{\376\377\000F\000u\000n\000c\000t\000i\000o\000n\000\040\000S\000i\000g\000n\000a\000t\000u\000r\000e}{subsubsection*.14}% 21
\BOOKMARK [4][-]{paragraph*.16}{\376\377\000P\000a\000r\000a\000m\000e\000t\000e\000r\000s}{subsubsection*.14}% 22
\BOOKMARK [4][-]{paragraph*.17}{\376\377\000R\000e\000t\000u\000r\000n\000s}{subsubsection*.14}% 23
\BOOKMARK [4][-]{paragraph*.18}{\376\377\000E\000x\000a\000m\000p\000l\000e}{subsubsection*.14}% 24
\BOOKMARK [3][-]{subsubsection*.19}{\376\377\000P\000a\000r\000a\000l\000l\000e\000l\000\040\000M\000u\000l\000t\000i\000p\000r\000o\000c\000e\000s\000s\000i\000n\000g\000\040\000D\000r\000i\000v\000e\000r}{subsection.3.1.2}% 25
\BOOKMARK [4][-]{paragraph*.20}{\376\377\000F\000u\000n\000c\000t\000i\000o\000n\000\040\000S\000i\000g\000n\000a\000t\000u\000r\000e}{subsubsection*.19}% 26
\BOOKMARK [4][-]{paragraph*.21}{\376\377\000P\000a\000r\000a\000m\000e\000t\000e\000r\000s}{subsubsection*.19}% 27
\BOOKMARK [4][-]{paragraph*.22}{\376\377\000R\000e\000t\000u\000r\000n\000s}{subsubsection*.19}% 28
\BOOKMARK [4][-]{paragraph*.23}{\376\377\000E\000x\000a\000m\000p\000l\000e}{subsubsection*.19}% 29
\BOOKMARK [4][-]{paragraph*.24}{\376\377\000N\000o\000t\000e\000s}{subsubsection*.19}% 30
\BOOKMARK [4][-]{paragraph*.25}{\376\377\000R\000e\000f\000e\000r\000e\000n\000c\000e\000s}{subsubsection*.19}% 31
\BOOKMARK [3][-]{subsubsection*.26}{\376\377\000M\000P\000I\000\040\000D\000r\000i\000v\000e\000r}{subsection.3.1.2}% 32
\BOOKMARK [4][-]{paragraph*.27}{\376\377\000F\000u\000n\000c\000t\000i\000o\000n\000\040\000S\000i\000g\000n\000a\000t\000u\000r\000e}{subsubsection*.26}% 33
\BOOKMARK [4][-]{paragraph*.28}{\376\377\000P\000a\000r\000a\000m\000e\000t\000e\000r\000s}{subsubsection*.26}% 34
\BOOKMARK [4][-]{paragraph*.29}{\376\377\000R\000e\000t\000u\000r\000n\000s}{subsubsection*.26}% 35
\BOOKMARK [4][-]{paragraph*.30}{\376\377\000E\000x\000a\000m\000p\000l\000e}{subsubsection*.26}% 36
\BOOKMARK [4][-]{paragraph*.31}{\376\377\000N\000o\000t\000e\000s}{subsubsection*.26}% 37
\BOOKMARK [4][-]{paragraph*.32}{\376\377\000R\000e\000f\000e\000r\000e\000n\000c\000e\000s}{subsubsection*.26}% 38
\BOOKMARK [2][-]{subsection.3.1.3}{\376\377\000M\000o\000d\000e\000l\000s}{section.3.1}% 39
\BOOKMARK [3][-]{subsubsection*.33}{\376\377\000S\000p\000i\000n\000-\000B\000o\000s\000o\000n\000\040\000M\000o\000d\000e\000l}{subsection.3.1.3}% 40
\BOOKMARK [4][-]{paragraph*.34}{\376\377\000C\000o\000n\000s\000t\000a\000n\000t\000s}{subsubsection*.33}% 41
\BOOKMARK [4][-]{paragraph*.35}{\376\377\000E\000x\000a\000m\000p\000l\000e}{subsubsection*.33}% 42
\BOOKMARK [3][-]{subsubsection*.36}{\376\377\000H\000o\000l\000s\000t\000e\000i\000n\000\040\000L\000a\000t\000t\000i\000c\000e\000\040\000M\000o\000d\000e\000l}{subsection.3.1.3}% 43
\BOOKMARK [4][-]{paragraph*.37}{\376\377\000C\000o\000n\000s\000t\000a\000n\000t\000s}{subsubsection*.36}% 44
\BOOKMARK [4][-]{paragraph*.38}{\376\377\000E\000x\000a\000m\000p\000l\000e}{subsubsection*.36}% 45
\BOOKMARK [3][-]{subsubsection*.39}{\376\377\000F\000e\000n\000n\000a\000-\000M\000a\000t\000t\000h\000e\000w\000s\000-\000O\000l\000s\000o\000n\000\040\000M\000o\000d\000e\000l}{subsection.3.1.3}% 46
\BOOKMARK [4][-]{paragraph*.40}{\376\377\000C\000o\000n\000s\000t\000a\000n\000t\000s}{subsubsection*.39}% 47
\BOOKMARK [4][-]{paragraph*.41}{\376\377\000E\000x\000a\000m\000p\000l\000e}{subsubsection*.39}% 48
\BOOKMARK [2][-]{subsection.3.1.4}{\376\377\000A\000l\000g\000o\000r\000i\000t\000h\000m\000s}{section.3.1}% 49
\BOOKMARK [3][-]{subsubsection*.42}{\376\377\000M\000e\000a\000n\000-\000F\000i\000e\000l\000d\000\040\000D\000y\000n\000a\000m\000i\000c\000s}{subsection.3.1.4}% 50
\BOOKMARK [4][-]{paragraph*.43}{\376\377\000S\000e\000t\000t\000i\000n\000g\000s}{subsubsection*.42}% 51
\BOOKMARK [4][-]{paragraph*.44}{\376\377\000I\000n\000i\000t\000i\000a\000l\000\040\000S\000t\000a\000t\000e}{subsubsection*.42}% 52
\BOOKMARK [4][-]{paragraph*.45}{\376\377\000O\000u\000t\000p\000u\000t\000\040\000V\000a\000r\000i\000a\000b\000l\000e\000s}{subsubsection*.42}% 53
\BOOKMARK [4][-]{paragraph*.46}{\376\377\000E\000x\000a\000m\000p\000l\000e}{subsubsection*.42}% 54
\BOOKMARK [3][-]{subsubsection*.47}{\376\377\000F\000e\000w\000e\000s\000t\000-\000S\000w\000i\000t\000c\000h\000e\000s\000\040\000S\000u\000r\000f\000a\000c\000e\000\040\000H\000o\000p\000p\000i\000n\000g}{subsection.3.1.4}% 55
\BOOKMARK [4][-]{paragraph*.48}{\376\377\000S\000e\000t\000t\000i\000n\000g\000s}{subsubsection*.47}% 56
\BOOKMARK [4][-]{paragraph*.49}{\376\377\000I\000n\000i\000t\000i\000a\000l\000\040\000S\000t\000a\000t\000e}{subsubsection*.47}% 57
\BOOKMARK [4][-]{paragraph*.50}{\376\377\000O\000u\000t\000p\000u\000t\000\040\000V\000a\000r\000i\000a\000b\000l\000e\000s}{subsubsection*.47}% 58
\BOOKMARK [4][-]{paragraph*.51}{\376\377\000E\000x\000a\000m\000p\000l\000e}{subsubsection*.47}% 59
\BOOKMARK [2][-]{subsection.3.1.5}{\376\377\000D\000a\000t\000a\000\040\000O\000b\000j\000e\000c\000t}{section.3.1}% 60
\BOOKMARK [3][-]{subsubsection*.52}{\376\377\000M\000e\000t\000h\000o\000d\000s}{subsection.3.1.5}% 61
\BOOKMARK [3][-]{subsubsection*.56}{\376\377\000A\000t\000t\000r\000i\000b\000u\000t\000e\000s}{subsection.3.1.5}% 62
\BOOKMARK [2][-]{subsection.3.1.6}{\376\377\000M\000o\000d\000e\000l\000\040\000D\000e\000v\000e\000l\000o\000p\000m\000e\000n\000t}{section.3.1}% 63
\BOOKMARK [3][-]{subsubsection*.66}{\376\377\000M\000i\000n\000i\000m\000a\000l\000\040\000M\000o\000d\000e\000l\000\040\000C\000l\000a\000s\000s}{subsection.3.1.6}% 64
\BOOKMARK [4][-]{paragraph*.67}{\376\377\000I\000n\000i\000t\000i\000a\000l\000i\000z\000a\000t\000i\000o\000n\000\040\000f\000u\000n\000c\000t\000i\000o\000n\000s}{subsubsection*.66}% 65
\BOOKMARK [4][-]{paragraph*.68}{\376\377\000I\000n\000g\000r\000e\000d\000i\000e\000n\000t\000s}{subsubsection*.66}% 66
\BOOKMARK [3][-]{subsubsection*.69}{\376\377\000U\000p\000g\000r\000a\000d\000i\000n\000g\000\040\000t\000h\000e\000\040\000M\000o\000d\000e\000l\000\040\000C\000l\000a\000s\000s}{subsection.3.1.6}% 67
\BOOKMARK [4][-]{paragraph*.70}{\376\377\000V\000e\000c\000t\000o\000r\000i\000z\000e\000d\000\040\000I\000n\000g\000r\000e\000d\000i\000e\000n\000t\000s}{subsubsection*.69}% 68
\BOOKMARK [4][-]{paragraph*.71}{\376\377\000A\000n\000a\000l\000y\000t\000i\000c\000\040\000G\000r\000a\000d\000i\000e\000n\000t\000s}{subsubsection*.69}% 69
\BOOKMARK [4][-]{paragraph*.72}{\376\377\000C\000l\000a\000s\000s\000i\000c\000a\000l\000\040\000I\000n\000i\000t\000i\000a\000l\000i\000z\000a\000t\000i\000o\000n}{subsubsection*.69}% 70
\BOOKMARK [4][-]{paragraph*.73}{\376\377\000U\000s\000i\000n\000g\000\040\000B\000u\000i\000l\000t\000-\000i\000n\000\040\000I\000n\000g\000r\000e\000d\000i\000e\000n\000t\000s}{subsubsection*.69}% 71
\BOOKMARK [2][-]{subsection.3.1.7}{\376\377\000D\000e\000f\000a\000u\000l\000t\000\040\000B\000e\000h\000a\000v\000i\000o\000r}{section.3.1}% 72
\BOOKMARK [3][-]{subsubsection*.74}{\376\377\000D\000e\000f\000a\000u\000l\000t\000\040\000S\000i\000m\000u\000l\000a\000t\000i\000o\000n\000\040\000S\000e\000t\000t\000i\000n\000g\000s}{subsection.3.1.7}% 73
\BOOKMARK [3][-]{subsubsection*.75}{\376\377\000D\000e\000f\000a\000u\000l\000t\000\040\000M\000o\000d\000e\000l\000\040\000A\000t\000t\000r\000i\000b\000u\000t\000e\000s}{subsection.3.1.7}% 74
\BOOKMARK [4][-]{paragraph*.76}{\376\377\000I\000n\000i\000t\000i\000a\000l\000i\000z\000a\000t\000i\000o\000n\000\040\000o\000f\000\040\000c\000l\000a\000s\000s\000i\000c\000a\000l\000\040\000c\000o\000o\000r\000d\000i\000n\000a\000t\000e\000s}{subsubsection*.75}% 75
\BOOKMARK [4][-]{paragraph*.78}{\376\377\000C\000l\000a\000s\000s\000i\000c\000a\000l\000\040\000H\000a\000m\000i\000l\000t\000o\000n\000i\000a\000n\000\040\000g\000r\000a\000d\000i\000e\000n\000t\000s}{subsubsection*.75}% 76
\BOOKMARK [4][-]{paragraph*.80}{\376\377\000Q\000u\000a\000n\000t\000u\000m\000-\000c\000l\000a\000s\000s\000i\000c\000a\000l\000\040\000H\000a\000m\000i\000l\000t\000o\000n\000i\000a\000n\000\040\000g\000r\000a\000d\000i\000e\000n\000t\000s}{subsubsection*.75}% 77
\BOOKMARK [4][-]{paragraph*.82}{\376\377\000S\000u\000r\000f\000a\000c\000e\000\040\000H\000o\000p\000p\000i\000n\000g\000\040\000S\000w\000i\000t\000c\000h\000i\000n\000g\000\040\000A\000l\000g\000o\000r\000i\000t\000h\000m}{subsubsection*.75}% 78
\BOOKMARK [2][-]{subsection.3.1.8}{\376\377\000A\000l\000g\000o\000r\000i\000t\000h\000m\000\040\000D\000e\000v\000e\000l\000o\000p\000m\000e\000n\000t}{section.3.1}% 79
\BOOKMARK [3][-]{subsubsection*.84}{\376\377\000A\000d\000d\000i\000n\000g\000\040\000o\000u\000t\000p\000u\000t\000\040\000o\000b\000v\000s\000e\000r\000v\000a\000b\000l\000e\000s}{subsection.3.1.8}% 80
\BOOKMARK [4][-]{paragraph*.85}{\376\377\000L\000i\000n\000e\000a\000r\000\040\000r\000e\000s\000p\000o\000n\000s\000e\000\040\000f\000u\000n\000c\000t\000i\000o\000n\000s}{subsubsection*.84}% 81
\BOOKMARK [4][-]{paragraph*.86}{\376\377\000A\000d\000i\000a\000b\000a\000t\000i\000c\000\040\000p\000o\000p\000u\000l\000a\000t\000i\000o\000n\000s}{subsubsection*.84}% 82
\BOOKMARK [3][-]{subsubsection*.87}{\376\377\000M\000o\000d\000i\000f\000y\000i\000n\000g\000\040\000a\000l\000g\000o\000r\000i\000t\000h\000m\000\040\000b\000e\000h\000a\000v\000i\000o\000r}{subsection.3.1.8}% 83
\BOOKMARK [0][-]{chapter.4}{\376\377\000S\000o\000f\000t\000w\000a\000r\000e\000\040\000R\000e\000f\000e\000r\000e\000n\000c\000e}{}% 84
\BOOKMARK [1][-]{section.4.1}{\376\377\000S\000o\000f\000t\000w\000a\000r\000e\000\040\000R\000e\000f\000e\000r\000e\000n\000c\000e}{chapter.4}% 85
\BOOKMARK [2][-]{subsection.4.1.1}{\376\377\000I\000n\000g\000r\000e\000d\000i\000e\000n\000t\000s}{section.4.1}% 86
\BOOKMARK [3][-]{subsubsection*.88}{\376\377\000Q\000u\000a\000n\000t\000u\000m\000\040\000H\000a\000m\000i\000l\000t\000o\000n\000i\000a\000n}{subsection.4.1.1}% 87
\BOOKMARK [3][-]{subsubsection*.91}{\376\377\000Q\000u\000a\000n\000t\000u\000m\000-\000C\000l\000a\000s\000s\000i\000c\000a\000l\000\040\000H\000a\000m\000i\000l\000t\000o\000n\000i\000a\000n}{subsection.4.1.1}% 88
\BOOKMARK [3][-]{subsubsection*.95}{\376\377\000C\000l\000a\000s\000s\000i\000c\000a\000l\000\040\000H\000a\000m\000i\000l\000t\000o\000n\000i\000a\000n}{subsection.4.1.1}% 89
\BOOKMARK [3][-]{subsubsection*.99}{\376\377\000C\000l\000a\000s\000s\000i\000c\000a\000l\000\040\000I\000n\000i\000t\000i\000a\000l\000i\000z\000a\000t\000i\000o\000n}{subsection.4.1.1}% 90
\BOOKMARK [0][-]{chapter.5}{\376\377\000B\000i\000b\000l\000i\000o\000g\000r\000a\000p\000h\000y}{}% 91
\BOOKMARK [0][-]{section*.103}{\376\377\000P\000y\000t\000h\000o\000n\000\040\000M\000o\000d\000u\000l\000e\000\040\000I\000n\000d\000e\000x}{}% 92
\BOOKMARK [0][-]{section*.104}{\376\377\000I\000n\000d\000e\000x}{}% 93
